Using pre-set license
Built from '2020.3/staging' branch; Version is '2020.3.16f1 (049d6eca3c44) revision 302446'; Using compiler version '192528614'; Build Type 'Release'
OS: 'Windows 10 Home; OS build 19042.1237; Version 2009; 64bit' Language: 'en' Physical Memory: 16333 MB
BatchMode: 1, IsHumanControllingUs: 0, StartBugReporterOnCrash: 0, Is64bit: 1, IsPro: 0

 COMMAND LINE ARGUMENTS:
C:\Program Files\Unity\Hub\Editor\2020.3.16f1\Editor\Unity.exe
-adb2
-batchMode
-noUpm
-name
AssetImportWorker0
-projectPath
C:/Users/Anique/Desktop/Unity Things/Cat-Tutorial-1.5/Cat Tut
-logFile
Logs/AssetImportWorker0.log
-srvPort
54320
Successfully changed project path to: C:/Users/Anique/Desktop/Unity Things/Cat-Tutorial-1.5/Cat Tut
C:/Users/Anique/Desktop/Unity Things/Cat-Tutorial-1.5/Cat Tut
Using Asset Import Pipeline V2.
Refreshing native plugins compatible for Editor in 48.63 ms, found 3 plugins.
Preloading 0 native plugins for Editor in 0.00 ms.
Initialize engine version: 2020.3.16f1 (049d6eca3c44)
[Subsystems] Discovering subsystems at path C:/Program Files/Unity/Hub/Editor/2020.3.16f1/Editor/Data/Resources/UnitySubsystems
[Subsystems] Discovering subsystems at path C:/Users/Anique/Desktop/Unity Things/Cat-Tutorial-1.5/Cat Tut/Assets
GfxDevice: creating device client; threaded=0
Direct3D:
    Version:  Direct3D 11.0 [level 11.1]
    Renderer: NVIDIA GeForce RTX 2070 SUPER (ID=0x1e84)
    Vendor:   
    VRAM:     8011 MB
    Driver:   27.21.14.5671
Initialize mono
Mono path[0] = 'C:/Program Files/Unity/Hub/Editor/2020.3.16f1/Editor/Data/Managed'
Mono path[1] = 'C:/Program Files/Unity/Hub/Editor/2020.3.16f1/Editor/Data/MonoBleedingEdge/lib/mono/unityjit'
Mono config path = 'C:/Program Files/Unity/Hub/Editor/2020.3.16f1/Editor/Data/MonoBleedingEdge/etc'
Using monoOptions --debugger-agent=transport=dt_socket,embedding=1,server=y,suspend=n,address=127.0.0.1:56116
Begin MonoManager ReloadAssembly
Registering precompiled unity dll's ...
Register platform support module: C:/Program Files/Unity/Hub/Editor/2020.3.16f1/Editor/Data/PlaybackEngines/WindowsStandaloneSupport/UnityEditor.WindowsStandalone.Extensions.dll
Registered in 0.002280 seconds.
Native extension for WindowsStandalone target not found
Refreshing native plugins compatible for Editor in 47.79 ms, found 3 plugins.
Preloading 0 native plugins for Editor in 0.00 ms.
Mono: successfully reloaded assembly
- Completed reload, in  1.084 seconds
Domain Reload Profiling:
	ReloadAssembly (1084ms)
		BeginReloadAssembly (53ms)
			ExecutionOrderSort (0ms)
			DisableScriptedObjects (0ms)
			BackupInstance (0ms)
			ReleaseScriptingObjects (0ms)
			CreateAndSetChildDomain (1ms)
		EndReloadAssembly (443ms)
			LoadAssemblies (50ms)
			RebuildTransferFunctionScriptingTraits (0ms)
			SetupTypeCache (164ms)
			ReleaseScriptCaches (0ms)
			RebuildScriptCaches (27ms)
			SetupLoadedEditorAssemblies (177ms)
				LogAssemblyErrors (0ms)
				InitializePlatformSupportModulesInManaged (4ms)
				SetLoadedEditorAssemblies (0ms)
				RefreshPlugins (48ms)
				BeforeProcessingInitializeOnLoad (13ms)
				ProcessInitializeOnLoadAttributes (84ms)
				ProcessInitializeOnLoadMethodAttributes (28ms)
				AfterProcessingInitializeOnLoad (0ms)
				EditorAssembliesLoaded (0ms)
			ExecutionOrderSort2 (0ms)
			AwakeInstancesAfterBackupRestoration (0ms)
Platform modules already initialized, skipping
Registering precompiled user dll's ...
Registered in 0.006312 seconds.
Begin MonoManager ReloadAssembly
Native extension for WindowsStandalone target not found
Refreshing native plugins compatible for Editor in 39.89 ms, found 3 plugins.
Preloading 0 native plugins for Editor in 0.00 ms.
Mono: successfully reloaded assembly
- Completed reload, in  1.237 seconds
Domain Reload Profiling:
	ReloadAssembly (1238ms)
		BeginReloadAssembly (165ms)
			ExecutionOrderSort (0ms)
			DisableScriptedObjects (7ms)
			BackupInstance (0ms)
			ReleaseScriptingObjects (0ms)
			CreateAndSetChildDomain (21ms)
		EndReloadAssembly (1006ms)
			LoadAssemblies (96ms)
			RebuildTransferFunctionScriptingTraits (0ms)
			SetupTypeCache (287ms)
			ReleaseScriptCaches (1ms)
			RebuildScriptCaches (55ms)
			SetupLoadedEditorAssemblies (441ms)
				LogAssemblyErrors (0ms)
				InitializePlatformSupportModulesInManaged (4ms)
				SetLoadedEditorAssemblies (0ms)
				RefreshPlugins (40ms)
				BeforeProcessingInitializeOnLoad (84ms)
				ProcessInitializeOnLoadAttributes (289ms)
				ProcessInitializeOnLoadMethodAttributes (16ms)
				AfterProcessingInitializeOnLoad (8ms)
				EditorAssembliesLoaded (0ms)
			ExecutionOrderSort2 (0ms)
			AwakeInstancesAfterBackupRestoration (7ms)
Platform modules already initialized, skipping
========================================================================
Worker process is ready to serve import requests
Launched and connected shader compiler UnityShaderCompiler.exe after 0.06 seconds
Refreshing native plugins compatible for Editor in 0.45 ms, found 3 plugins.
Preloading 0 native plugins for Editor in 0.00 ms.
Unloading 2091 Unused Serialized files (Serialized files now loaded: 0)
System memory in use before: 93.0 MB.
System memory in use after: 93.1 MB.

Unloading 28 unused Assets to reduce memory usage. Loaded Objects now: 2528.
Total: 3.123500 ms (FindLiveObjects: 0.206700 ms CreateObjectMapping: 0.066000 ms MarkObjects: 2.776800 ms  DeleteObjects: 0.072400 ms)

AssetImportParameters requested are different than current active one (requested -> active):
  custom:framework-win-MediaFoundation: 216162199b28c13a410421893ffa2e32 -> 
  custom:video-decoder-ogg-theora: a1e56fd34408186e4bbccfd4996cb3dc -> 
  custom:container-muxer-webm: aa71ff27fc2769a1b78a27578f13a17b -> 
  custom:container-demuxer-webm: 4f35f7cbe854078d1ac9338744f61a02 -> 
  custom:container-demuxer-ogg: 62fdf1f143b41e24485cea50d1cbac27 -> 
  custom:video-encoder-webm-vp8: eb34c28f22e8b96e1ab97ce403110664 -> 
  custom:video-decoder-webm-vp8: 9c59270c3fd7afecdb556c50c9e8de78 -> 
  custom:audio-decoder-ogg-vorbis: bf7c407c2cedff20999df2af8eb42d56 -> 
  custom:audio-encoder-webm-vorbis: bf7c407c2cedff20999df2af8eb42d56 -> 
========================================================================
Received Import Request.
  path: Assets/Sprites/Hurt (4).png
  artifactKey: Guid(0645e76f544c09f47ab7450bf0e15623) Importer(815301076,1909f56bfc062723c751e8b465ee728b)
Start importing Assets/Sprites/Hurt (4).png using Guid(0645e76f544c09f47ab7450bf0e15623) Importer(815301076,1909f56bfc062723c751e8b465ee728b)  -> (artifact id: 'a998b8855f59277545338dbf8b88bbc4') in 0.134984 seconds 
  Import took 0.138014 seconds .

========================================================================
Received Import Request.
  Time since last request: 0.000224 seconds.
  path: Assets/Sprites/Hurt (10).png
  artifactKey: Guid(5209f24e9eeef5243ab88922fb2702f6) Importer(815301076,1909f56bfc062723c751e8b465ee728b)
Start importing Assets/Sprites/Hurt (10).png using Guid(5209f24e9eeef5243ab88922fb2702f6) Importer(815301076,1909f56bfc062723c751e8b465ee728b)  -> (artifact id: 'd0ff1aad3df2be7e3e7ef69569481e99') in 0.016532 seconds 
  Import took 0.019238 seconds .

========================================================================
Received Import Request.
  Time since last request: 0.000184 seconds.
  path: Assets/Sprites/Idle (1).png
  artifactKey: Guid(ea5508dff6c3a2749b64a4904b477a06) Importer(815301076,1909f56bfc062723c751e8b465ee728b)
Start importing Assets/Sprites/Idle (1).png using Guid(ea5508dff6c3a2749b64a4904b477a06) Importer(815301076,1909f56bfc062723c751e8b465ee728b)  -> (artifact id: 'cc1185ce7606de72e9158700ec56b376') in 0.016471 seconds 
  Import took 0.019171 seconds .

========================================================================
Received Import Request.
  Time since last request: 0.000199 seconds.
  path: Assets/Sprites/Run (3).png
  artifactKey: Guid(a2137031abb8705419013388d6a76335) Importer(815301076,1909f56bfc062723c751e8b465ee728b)
Start importing Assets/Sprites/Run (3).png using Guid(a2137031abb8705419013388d6a76335) Importer(815301076,1909f56bfc062723c751e8b465ee728b)  -> (artifact id: 'cbfb5831c435cca8c4b58f4dc55eb156') in 0.014909 seconds 
  Import took 0.018003 seconds .

========================================================================
Received Import Request.
  Time since last request: 0.000178 seconds.
  path: Assets/Sprites/Walk (4).png
  artifactKey: Guid(747d8b7c491853a4b945685ffca90171) Importer(815301076,1909f56bfc062723c751e8b465ee728b)
Start importing Assets/Sprites/Walk (4).png using Guid(747d8b7c491853a4b945685ffca90171) Importer(815301076,1909f56bfc062723c751e8b465ee728b)  -> (artifact id: 'c90f818035a304878a6a54a7030aff6b') in 0.015874 seconds 
  Import took 0.018765 seconds .

========================================================================
Received Import Request.
  Time since last request: 0.000189 seconds.
  path: Assets/Sprites/Dead (9).png
  artifactKey: Guid(8192bac90ca39da45b75b5093940c52e) Importer(815301076,1909f56bfc062723c751e8b465ee728b)
Start importing Assets/Sprites/Dead (9).png using Guid(8192bac90ca39da45b75b5093940c52e) Importer(815301076,1909f56bfc062723c751e8b465ee728b)  -> (artifact id: '6ddf3a3b01d27428c366b653ee4b438d') in 0.018414 seconds 
  Import took 0.021239 seconds .

========================================================================
Received Import Request.
  Time since last request: 0.000181 seconds.
  path: Assets/Sprites/Hurt (3).png
  artifactKey: Guid(455e73203a05f7f41a2f8dee55f88028) Importer(815301076,1909f56bfc062723c751e8b465ee728b)
Start importing Assets/Sprites/Hurt (3).png using Guid(455e73203a05f7f41a2f8dee55f88028) Importer(815301076,1909f56bfc062723c751e8b465ee728b)  -> (artifact id: 'aca7c342731f6022a05a5c716c60b916') in 0.014431 seconds 
  Import took 0.017336 seconds .

========================================================================
Received Import Request.
  Time since last request: 0.000193 seconds.
  path: Assets/Sprites/Idle (6).png
  artifactKey: Guid(1d59ad036a8b34d40851153c3ab27f02) Importer(815301076,1909f56bfc062723c751e8b465ee728b)
Start importing Assets/Sprites/Idle (6).png using Guid(1d59ad036a8b34d40851153c3ab27f02) Importer(815301076,1909f56bfc062723c751e8b465ee728b)  -> (artifact id: '0018808c25c89d90dbd34be2a51c6c89') in 0.015461 seconds 
  Import took 0.018286 seconds .

========================================================================
Received Import Request.
  Time since last request: 0.000191 seconds.
  path: Assets/Sprites/Slide (8).png
  artifactKey: Guid(15c0c7e1de4be554891bfd2def5764d0) Importer(815301076,1909f56bfc062723c751e8b465ee728b)
Start importing Assets/Sprites/Slide (8).png using Guid(15c0c7e1de4be554891bfd2def5764d0) Importer(815301076,1909f56bfc062723c751e8b465ee728b)  -> (artifact id: '2ce291a0f5ced89b66bf0f0413fa29d3') in 0.015164 seconds 
  Import took 0.017935 seconds .

========================================================================
Received Import Request.
  Time since last request: 0.000204 seconds.
  path: Assets/Sprites/Fall (2).png
  artifactKey: Guid(81dd52fe46f776245a8d1ff05d4ed822) Importer(815301076,1909f56bfc062723c751e8b465ee728b)
Start importing Assets/Sprites/Fall (2).png using Guid(81dd52fe46f776245a8d1ff05d4ed822) Importer(815301076,1909f56bfc062723c751e8b465ee728b)  -> (artifact id: '6e5954ba5af771ae4d05331937a7ba95') in 0.015830 seconds 
  Import took 0.018780 seconds .

========================================================================
Received Import Request.
  Time since last request: 0.000190 seconds.
  path: Assets/Sprites/Hurt (2).png
  artifactKey: Guid(104af2d46c2002148ad0e29a5d3d72ca) Importer(815301076,1909f56bfc062723c751e8b465ee728b)
Start importing Assets/Sprites/Hurt (2).png using Guid(104af2d46c2002148ad0e29a5d3d72ca) Importer(815301076,1909f56bfc062723c751e8b465ee728b)  -> (artifact id: '1676efb7dd4720450f96f86f6ba32f00') in 0.016154 seconds 
  Import took 0.018849 seconds .

========================================================================
Received Import Request.
  Time since last request: 0.000198 seconds.
  path: Assets/Sprites/Hurt (8).png
  artifactKey: Guid(f416a18b07aaf1c4e838f2933ea7a15b) Importer(815301076,1909f56bfc062723c751e8b465ee728b)
Start importing Assets/Sprites/Hurt (8).png using Guid(f416a18b07aaf1c4e838f2933ea7a15b) Importer(815301076,1909f56bfc062723c751e8b465ee728b)  -> (artifact id: '517da48e71873e0f25335dc45c6f998f') in 0.015152 seconds 
  Import took 0.018150 seconds .

========================================================================
Received Import Request.
  Time since last request: 0.000192 seconds.
  path: Assets/Sprites/Jump (3).png
  artifactKey: Guid(10bbebaef35664849acba231d52895a3) Importer(815301076,1909f56bfc062723c751e8b465ee728b)
Start importing Assets/Sprites/Jump (3).png using Guid(10bbebaef35664849acba231d52895a3) Importer(815301076,1909f56bfc062723c751e8b465ee728b)  -> (artifact id: 'cc9cf3aaf1f25b1fc58518918d3e6282') in 0.020941 seconds 
  Import took 0.023775 seconds .

========================================================================
Received Import Request.
  Time since last request: 0.000210 seconds.
  path: Assets/Sprites/Fall (1).png
  artifactKey: Guid(2297da0043032ec40b4127d8b83e5e05) Importer(815301076,1909f56bfc062723c751e8b465ee728b)
Start importing Assets/Sprites/Fall (1).png using Guid(2297da0043032ec40b4127d8b83e5e05) Importer(815301076,1909f56bfc062723c751e8b465ee728b)  -> (artifact id: 'fb4101557d610c9f7ca6c43bb4c3b6a2') in 0.016834 seconds 
  Import took 0.019550 seconds .

========================================================================
Received Import Request.
  Time since last request: 0.000213 seconds.
  path: Assets/Sprites/Jump (2).png
  artifactKey: Guid(149bcbe77ad21fe47a805720b3e3d2fd) Importer(815301076,1909f56bfc062723c751e8b465ee728b)
Start importing Assets/Sprites/Jump (2).png using Guid(149bcbe77ad21fe47a805720b3e3d2fd) Importer(815301076,1909f56bfc062723c751e8b465ee728b)  -> (artifact id: 'c317a7cbad66c3325f134bf9d62add76') in 0.015080 seconds 
  Import took 0.017897 seconds .

========================================================================
Received Import Request.
  Time since last request: 0.000189 seconds.
  path: Assets/Sprites/Slide (6).png
  artifactKey: Guid(219eb0faddebfd840956858780eff00b) Importer(815301076,1909f56bfc062723c751e8b465ee728b)
Start importing Assets/Sprites/Slide (6).png using Guid(219eb0faddebfd840956858780eff00b) Importer(815301076,1909f56bfc062723c751e8b465ee728b)  -> (artifact id: '70dfeb8ad1df89af17809156f18288f9') in 0.019269 seconds 
  Import took 0.022466 seconds .

========================================================================
Received Import Request.
  Time since last request: 0.000206 seconds.
  path: Assets/Sprites/Dead (2).png
  artifactKey: Guid(358c0648bc95c6742b072c2f888d5a03) Importer(815301076,1909f56bfc062723c751e8b465ee728b)
Start importing Assets/Sprites/Dead (2).png using Guid(358c0648bc95c6742b072c2f888d5a03) Importer(815301076,1909f56bfc062723c751e8b465ee728b)  -> (artifact id: 'cf4fdfbb9b84849d13758251557d2c8b') in 0.016764 seconds 
  Import took 0.019476 seconds .

========================================================================
Received Import Request.
  Time since last request: 0.000202 seconds.
  path: Assets/Sprites/Dead (5).png
  artifactKey: Guid(64a3be1fa8ae37145af324389d45c34e) Importer(815301076,1909f56bfc062723c751e8b465ee728b)
Start importing Assets/Sprites/Dead (5).png using Guid(64a3be1fa8ae37145af324389d45c34e) Importer(815301076,1909f56bfc062723c751e8b465ee728b)  -> (artifact id: 'f36cd8176f25349229ee88ad2bb83cd4') in 0.017928 seconds 
  Import took 0.020898 seconds .

========================================================================
Received Import Request.
  Time since last request: 0.000209 seconds.
  path: Assets/Sprites/Fall (6).png
  artifactKey: Guid(1e202281434d73047b98b40f1d68e722) Importer(815301076,1909f56bfc062723c751e8b465ee728b)
Start importing Assets/Sprites/Fall (6).png using Guid(1e202281434d73047b98b40f1d68e722) Importer(815301076,1909f56bfc062723c751e8b465ee728b)  -> (artifact id: 'aee1f7d21bd29e1a725be6288652b8aa') in 0.016225 seconds 
  Import took 0.019006 seconds .

========================================================================
Received Import Request.
  Time since last request: 0.000189 seconds.
  path: Assets/Sprites/Jump (1).png
  artifactKey: Guid(4827f662fc92601419e0c7be384025a8) Importer(815301076,1909f56bfc062723c751e8b465ee728b)
Start importing Assets/Sprites/Jump (1).png using Guid(4827f662fc92601419e0c7be384025a8) Importer(815301076,1909f56bfc062723c751e8b465ee728b)  -> (artifact id: 'be0da7fa161838d5faeaa3956c36d549') in 0.017326 seconds 
  Import took 0.020062 seconds .

========================================================================
Received Import Request.
  Time since last request: 0.000204 seconds.
  path: Assets/Sprites/Slide (1).png
  artifactKey: Guid(40b5ba82ca64c864394efb8901e8363a) Importer(815301076,1909f56bfc062723c751e8b465ee728b)
Start importing Assets/Sprites/Slide (1).png using Guid(40b5ba82ca64c864394efb8901e8363a) Importer(815301076,1909f56bfc062723c751e8b465ee728b)  -> (artifact id: '042d3cf6c6d45e2da32c5f35c2e85e1e') in 0.017203 seconds 
  Import took 0.019915 seconds .

========================================================================
Received Import Request.
  Time since last request: 0.000204 seconds.
  path: Assets/Sprites/Idle (7).png
  artifactKey: Guid(976dcc50ed2b61a47bfad6ec038faa8a) Importer(815301076,1909f56bfc062723c751e8b465ee728b)
Start importing Assets/Sprites/Idle (7).png using Guid(976dcc50ed2b61a47bfad6ec038faa8a) Importer(815301076,1909f56bfc062723c751e8b465ee728b)  -> (artifact id: '0623662345509b87b15d244e3d6daf0b') in 0.017787 seconds 
  Import took 0.020565 seconds .

========================================================================
Received Import Request.
  Time since last request: 0.000180 seconds.
  path: Assets/Sprites/Dead (4).png
  artifactKey: Guid(2a991dd45463bec4c9027a9ad9bc7c3c) Importer(815301076,1909f56bfc062723c751e8b465ee728b)
Start importing Assets/Sprites/Dead (4).png using Guid(2a991dd45463bec4c9027a9ad9bc7c3c) Importer(815301076,1909f56bfc062723c751e8b465ee728b)  -> (artifact id: 'b52da5f74955b5551dffe5b9eba698d1') in 0.017029 seconds 
  Import took 0.019813 seconds .

========================================================================
Received Import Request.
  Time since last request: 0.000186 seconds.
  path: Assets/Sprites/Run (5).png
  artifactKey: Guid(8a5cec5a56c8dde47aa106ae1d81013d) Importer(815301076,1909f56bfc062723c751e8b465ee728b)
Start importing Assets/Sprites/Run (5).png using Guid(8a5cec5a56c8dde47aa106ae1d81013d) Importer(815301076,1909f56bfc062723c751e8b465ee728b)  -> (artifact id: '3d6a803c790cbfa08cb8d939be682e8f') in 0.017908 seconds 
  Import took 0.020618 seconds .

========================================================================
Received Import Request.
  Time since last request: 0.000202 seconds.
  path: Assets/Sprites/Slide (4).png
  artifactKey: Guid(adf336f3975f4724f8ecc5febc738732) Importer(815301076,1909f56bfc062723c751e8b465ee728b)
Start importing Assets/Sprites/Slide (4).png using Guid(adf336f3975f4724f8ecc5febc738732) Importer(815301076,1909f56bfc062723c751e8b465ee728b)  -> (artifact id: '65abf4384b3c31202548092b2f81318e') in 0.015830 seconds 
  Import took 0.018541 seconds .

========================================================================
Received Import Request.
  Time since last request: 0.000202 seconds.
  path: Assets/Sprites/Walk (6).png
  artifactKey: Guid(e1a327580213b68409a32fd67397bff8) Importer(815301076,1909f56bfc062723c751e8b465ee728b)
Start importing Assets/Sprites/Walk (6).png using Guid(e1a327580213b68409a32fd67397bff8) Importer(815301076,1909f56bfc062723c751e8b465ee728b)  -> (artifact id: '80c607f4c8c495ca4d20d79d1efad949') in 0.016044 seconds 
  Import took 0.018754 seconds .

========================================================================
Received Import Request.
  Time since last request: 0.000240 seconds.
  path: Assets/Sprites/Run (6).png
  artifactKey: Guid(fdf2331d7f40ae443a531b96c37ef285) Importer(815301076,1909f56bfc062723c751e8b465ee728b)
Start importing Assets/Sprites/Run (6).png using Guid(fdf2331d7f40ae443a531b96c37ef285) Importer(815301076,1909f56bfc062723c751e8b465ee728b)  -> (artifact id: 'c79da81b0c3b79d743ca937b27366a2a') in 0.015569 seconds 
  Import took 0.021021 seconds .

========================================================================
Received Import Request.
  Time since last request: 0.000197 seconds.
  path: Assets/Sprites/Fall (8).png
  artifactKey: Guid(dd2b7133ffea8c7458fd6042721a89df) Importer(815301076,1909f56bfc062723c751e8b465ee728b)
Start importing Assets/Sprites/Fall (8).png using Guid(dd2b7133ffea8c7458fd6042721a89df) Importer(815301076,1909f56bfc062723c751e8b465ee728b)  -> (artifact id: 'd7c8a139229ca6c618fcc89898d5c2cd') in 0.018187 seconds 
  Import took 0.021008 seconds .

========================================================================
Received Import Request.
  Time since last request: 0.000193 seconds.
  path: Assets/Sprites/Dead (7).png
  artifactKey: Guid(10e011f8cb2dca44f82fd3b3053027bf) Importer(815301076,1909f56bfc062723c751e8b465ee728b)
Start importing Assets/Sprites/Dead (7).png using Guid(10e011f8cb2dca44f82fd3b3053027bf) Importer(815301076,1909f56bfc062723c751e8b465ee728b)  -> (artifact id: '60680b8b7671ec3051a1af5dd876409a') in 0.014858 seconds 
  Import took 0.017636 seconds .

========================================================================
Received Import Request.
  Time since last request: 0.000196 seconds.
  path: Assets/Sprites/Run (2).png
  artifactKey: Guid(85dd4cb8897a4ad45a948edde26f4979) Importer(815301076,1909f56bfc062723c751e8b465ee728b)
Start importing Assets/Sprites/Run (2).png using Guid(85dd4cb8897a4ad45a948edde26f4979) Importer(815301076,1909f56bfc062723c751e8b465ee728b)  -> (artifact id: '2d9578e5c232eef24566a1436dbedd9f') in 0.015287 seconds 
  Import took 0.018344 seconds .

========================================================================
Received Import Request.
  Time since last request: 0.000189 seconds.
  path: Assets/Sprites/Run (7).png
  artifactKey: Guid(b96a17f3145cc634a9b06ae4a17b429d) Importer(815301076,1909f56bfc062723c751e8b465ee728b)
Start importing Assets/Sprites/Run (7).png using Guid(b96a17f3145cc634a9b06ae4a17b429d) Importer(815301076,1909f56bfc062723c751e8b465ee728b)  -> (artifact id: 'e7e24182681ec86806619c9e98c3f78a') in 0.015963 seconds 
  Import took 0.019089 seconds .

========================================================================
Received Import Request.
  Time since last request: 0.000211 seconds.
  path: Assets/Sprites/Slide (5).png
  artifactKey: Guid(1f37f92da29102c49b3f250c9a04215e) Importer(815301076,1909f56bfc062723c751e8b465ee728b)
Start importing Assets/Sprites/Slide (5).png using Guid(1f37f92da29102c49b3f250c9a04215e) Importer(815301076,1909f56bfc062723c751e8b465ee728b)  -> (artifact id: '036e262095ceca2477ae3a1978938a34') in 0.018268 seconds 
  Import took 0.020993 seconds .

========================================================================
Received Import Request.
  Time since last request: 0.000198 seconds.
  path: Assets/Sprites/Hurt (5).png
  artifactKey: Guid(87a8a49a9cde5534ba80508ed1732808) Importer(815301076,1909f56bfc062723c751e8b465ee728b)
Start importing Assets/Sprites/Hurt (5).png using Guid(87a8a49a9cde5534ba80508ed1732808) Importer(815301076,1909f56bfc062723c751e8b465ee728b)  -> (artifact id: 'a874a901e0625b77c7e3031679ef5958') in 0.016189 seconds 
  Import took 0.018944 seconds .

========================================================================
Received Import Request.
  Time since last request: 0.000195 seconds.
  path: Assets/Sprites/Idle (3).png
  artifactKey: Guid(6f0423703d9abb24296c3f1357c40169) Importer(815301076,1909f56bfc062723c751e8b465ee728b)
Start importing Assets/Sprites/Idle (3).png using Guid(6f0423703d9abb24296c3f1357c40169) Importer(815301076,1909f56bfc062723c751e8b465ee728b)  -> (artifact id: '1c50488c04a9caa519e9b75d8b023e8e') in 0.018720 seconds 
  Import took 0.021458 seconds .

========================================================================
Received Import Request.
  Time since last request: 0.000204 seconds.
  path: Assets/Sprites/Run (4).png
  artifactKey: Guid(9832b215b3404a34d9bbd6f9a6932361) Importer(815301076,1909f56bfc062723c751e8b465ee728b)
Start importing Assets/Sprites/Run (4).png using Guid(9832b215b3404a34d9bbd6f9a6932361) Importer(815301076,1909f56bfc062723c751e8b465ee728b)  -> (artifact id: '7929bfaf8d395528e29f9575d0095ebc') in 0.017918 seconds 
  Import took 0.020872 seconds .

========================================================================
Received Import Request.
  Time since last request: 0.000205 seconds.
  path: Assets/Sprites/Jump (8).png
  artifactKey: Guid(85c00be0150aac54f8ce5ce5a9f177db) Importer(815301076,1909f56bfc062723c751e8b465ee728b)
Start importing Assets/Sprites/Jump (8).png using Guid(85c00be0150aac54f8ce5ce5a9f177db) Importer(815301076,1909f56bfc062723c751e8b465ee728b)  -> (artifact id: '6fd62786ad06ac3060dfd1b77438f5ba') in 0.016152 seconds 
  Import took 0.018876 seconds .

========================================================================
Received Import Request.
  Time since last request: 0.000181 seconds.
  path: Assets/Sprites/Jump (7).png
  artifactKey: Guid(2f0bf2a199889f54688abf2587140806) Importer(815301076,1909f56bfc062723c751e8b465ee728b)
Start importing Assets/Sprites/Jump (7).png using Guid(2f0bf2a199889f54688abf2587140806) Importer(815301076,1909f56bfc062723c751e8b465ee728b)  -> (artifact id: 'b24fb0b0a465a5e80c64bd46e0d758c9') in 0.016065 seconds 
  Import took 0.018779 seconds .

========================================================================
Received Import Request.
  Time since last request: 0.000187 seconds.
  path: Assets/Sprites/Fall (3).png
  artifactKey: Guid(bdadfe78b2a7e014d82aefeb4be06609) Importer(815301076,1909f56bfc062723c751e8b465ee728b)
Start importing Assets/Sprites/Fall (3).png using Guid(bdadfe78b2a7e014d82aefeb4be06609) Importer(815301076,1909f56bfc062723c751e8b465ee728b)  -> (artifact id: 'ffb259fb566feed4912fc337b01dfe68') in 0.020808 seconds 
  Import took 0.023753 seconds .

========================================================================
Received Import Request.
  Time since last request: 0.000190 seconds.
  path: Assets/Sprites/Walk (9).png
  artifactKey: Guid(48290990245c3ea4492bc21076505bb6) Importer(815301076,1909f56bfc062723c751e8b465ee728b)
Start importing Assets/Sprites/Walk (9).png using Guid(48290990245c3ea4492bc21076505bb6) Importer(815301076,1909f56bfc062723c751e8b465ee728b)  -> (artifact id: 'c6bd2c93db26a070e6a74d7875a6e6d2') in 0.015777 seconds 
  Import took 0.018685 seconds .

========================================================================
Received Import Request.
  Time since last request: 0.000190 seconds.
  path: Assets/Sprites/Dead (3).png
  artifactKey: Guid(673c1db09c07be04892c377450b5dc22) Importer(815301076,1909f56bfc062723c751e8b465ee728b)
Start importing Assets/Sprites/Dead (3).png using Guid(673c1db09c07be04892c377450b5dc22) Importer(815301076,1909f56bfc062723c751e8b465ee728b)  -> (artifact id: '231e54a92b1d8b0eb893f89c52c7a5ad') in 0.017116 seconds 
  Import took 0.019850 seconds .

========================================================================
Received Import Request.
  Time since last request: 0.000202 seconds.
  path: Assets/Sprites/Slide (10).png
  artifactKey: Guid(e1380ba7cb5a85d4294e1127843e89ae) Importer(815301076,1909f56bfc062723c751e8b465ee728b)
Start importing Assets/Sprites/Slide (10).png using Guid(e1380ba7cb5a85d4294e1127843e89ae) Importer(815301076,1909f56bfc062723c751e8b465ee728b)  -> (artifact id: '457c07ae2770334c2b940fe2ce376cde') in 0.016997 seconds 
  Import took 0.019810 seconds .

========================================================================
Received Import Request.
  Time since last request: 0.000198 seconds.
  path: Assets/Sprites/Walk (3).png
  artifactKey: Guid(a1a469d6415088740902b95cbd687d46) Importer(815301076,1909f56bfc062723c751e8b465ee728b)
Start importing Assets/Sprites/Walk (3).png using Guid(a1a469d6415088740902b95cbd687d46) Importer(815301076,1909f56bfc062723c751e8b465ee728b)  -> (artifact id: '0b679a4fafba6f3f5b82dd6f2ed1e81f') in 0.015391 seconds 
  Import took 0.018152 seconds .

========================================================================
Received Import Request.
  Time since last request: 0.000189 seconds.
  path: Assets/Sprites/Jump (5).png
  artifactKey: Guid(a64e45ab6575bed48b7f5520daffa063) Importer(815301076,1909f56bfc062723c751e8b465ee728b)
Start importing Assets/Sprites/Jump (5).png using Guid(a64e45ab6575bed48b7f5520daffa063) Importer(815301076,1909f56bfc062723c751e8b465ee728b)  -> (artifact id: '4c30fc5a87668a1855e139e23be20ac2') in 0.016756 seconds 
  Import took 0.019544 seconds .

========================================================================
Received Import Request.
  Time since last request: 0.000193 seconds.
  path: Assets/Sprites/Walk (2).png
  artifactKey: Guid(b3c5bc590e9438246b2573622151439e) Importer(815301076,1909f56bfc062723c751e8b465ee728b)
Start importing Assets/Sprites/Walk (2).png using Guid(b3c5bc590e9438246b2573622151439e) Importer(815301076,1909f56bfc062723c751e8b465ee728b)  -> (artifact id: '2391a0a06a49471b774c872d4144150e') in 0.016662 seconds 
  Import took 0.019460 seconds .

========================================================================
Received Import Request.
  Time since last request: 0.000181 seconds.
  path: Assets/Sprites/Fall (4).png
  artifactKey: Guid(e651499f1481bb949bbbcbd2b001dab4) Importer(815301076,1909f56bfc062723c751e8b465ee728b)
Start importing Assets/Sprites/Fall (4).png using Guid(e651499f1481bb949bbbcbd2b001dab4) Importer(815301076,1909f56bfc062723c751e8b465ee728b)  -> (artifact id: '1114c82ad2f0f5a15110f74e8ced6fd1') in 0.018847 seconds 
  Import took 0.021690 seconds .

========================================================================
Received Import Request.
  Time since last request: 0.000217 seconds.
  path: Assets/Sprites/Idle (5).png
  artifactKey: Guid(3fe09bb8b9a2dc8479c0b376e8900119) Importer(815301076,1909f56bfc062723c751e8b465ee728b)
Start importing Assets/Sprites/Idle (5).png using Guid(3fe09bb8b9a2dc8479c0b376e8900119) Importer(815301076,1909f56bfc062723c751e8b465ee728b)  -> (artifact id: 'feca9cef286351aced916f6ec7b8f916') in 0.016130 seconds 
  Import took 0.018855 seconds .

========================================================================
Received Import Request.
  Time since last request: 0.000169 seconds.
  path: Assets/Sprites/Run (1).png
  artifactKey: Guid(32dae97740e5b084e92eef283d8d9eb5) Importer(815301076,1909f56bfc062723c751e8b465ee728b)
Start importing Assets/Sprites/Run (1).png using Guid(32dae97740e5b084e92eef283d8d9eb5) Importer(815301076,1909f56bfc062723c751e8b465ee728b)  -> (artifact id: '8c5223f3f480e88253ebf8c6a0ad42b6') in 0.015461 seconds 
  Import took 0.018195 seconds .

========================================================================
Received Import Request.
  Time since last request: 0.000215 seconds.
  path: Assets/Sprites/Fall (7).png
  artifactKey: Guid(0d1739b074436da45a49cc498f6b5f66) Importer(815301076,1909f56bfc062723c751e8b465ee728b)
Start importing Assets/Sprites/Fall (7).png using Guid(0d1739b074436da45a49cc498f6b5f66) Importer(815301076,1909f56bfc062723c751e8b465ee728b)  -> (artifact id: '28d7a38fc39e9d7ff2f245e33212929a') in 0.017415 seconds 
  Import took 0.020161 seconds .

========================================================================
Received Import Request.
  Time since last request: 0.000188 seconds.
  path: Assets/Sprites/Run (8).png
  artifactKey: Guid(71df382b3df421140b6b6ffb00a5d2d4) Importer(815301076,1909f56bfc062723c751e8b465ee728b)
Start importing Assets/Sprites/Run (8).png using Guid(71df382b3df421140b6b6ffb00a5d2d4) Importer(815301076,1909f56bfc062723c751e8b465ee728b)  -> (artifact id: 'a253200669dc4a2aedca8022a7362426') in 0.016601 seconds 
  Import took 0.019405 seconds .

========================================================================
Received Import Request.
  Time since last request: 0.000178 seconds.
  path: Assets/Sprites/Idle (2).png
  artifactKey: Guid(5f06290523ba6484d88811b2a767e4e4) Importer(815301076,1909f56bfc062723c751e8b465ee728b)
Start importing Assets/Sprites/Idle (2).png using Guid(5f06290523ba6484d88811b2a767e4e4) Importer(815301076,1909f56bfc062723c751e8b465ee728b)  -> (artifact id: '3be19b94b2c464828fa3af5796e775b7') in 0.017187 seconds 
  Import took 0.022277 seconds .

========================================================================
Received Import Request.
  Time since last request: 0.000203 seconds.
  path: Assets/Sprites/Fall (5).png
  artifactKey: Guid(8a0bd4b7fdccc3f4cbdf5856b42ea599) Importer(815301076,1909f56bfc062723c751e8b465ee728b)
Start importing Assets/Sprites/Fall (5).png using Guid(8a0bd4b7fdccc3f4cbdf5856b42ea599) Importer(815301076,1909f56bfc062723c751e8b465ee728b)  -> (artifact id: '5a5cc0b636f6333bff8feb8cd6ab8313') in 0.021700 seconds 
  Import took 0.025121 seconds .

========================================================================
Received Import Request.
  Time since last request: 0.000206 seconds.
  path: Assets/Sprites/Idle (4).png
  artifactKey: Guid(d2ae79f3732ae4e49be35685049f6333) Importer(815301076,1909f56bfc062723c751e8b465ee728b)
Start importing Assets/Sprites/Idle (4).png using Guid(d2ae79f3732ae4e49be35685049f6333) Importer(815301076,1909f56bfc062723c751e8b465ee728b)  -> (artifact id: 'd99c2c5235848ac4f4a81d5d6d59d56d') in 0.019146 seconds 
  Import took 0.022400 seconds .

========================================================================
Received Import Request.
  Time since last request: 0.000204 seconds.
  path: Assets/Sprites/Hurt (7).png
  artifactKey: Guid(5ecd6f6875ea73246bfa99fcc4334f0e) Importer(815301076,1909f56bfc062723c751e8b465ee728b)
Start importing Assets/Sprites/Hurt (7).png using Guid(5ecd6f6875ea73246bfa99fcc4334f0e) Importer(815301076,1909f56bfc062723c751e8b465ee728b)  -> (artifact id: '741dec9d34b33560dba9db27bcfe7dca') in 0.018885 seconds 
  Import took 0.021731 seconds .

========================================================================
Received Import Request.
  Time since last request: 0.000227 seconds.
  path: Assets/Sprites/Walk (5).png
  artifactKey: Guid(3ff6517d6b5b5a746a37cc77bb417a77) Importer(815301076,1909f56bfc062723c751e8b465ee728b)
Start importing Assets/Sprites/Walk (5).png using Guid(3ff6517d6b5b5a746a37cc77bb417a77) Importer(815301076,1909f56bfc062723c751e8b465ee728b)  -> (artifact id: '1840c06009901857b56a5500fba7666a') in 0.017537 seconds 
  Import took 0.020797 seconds .

========================================================================
Received Import Request.
  Time since last request: 0.000273 seconds.
  path: Assets/Sprites/Dead (10).png
  artifactKey: Guid(7d15ffbb5ee3977419bfe99a978cde68) Importer(815301076,1909f56bfc062723c751e8b465ee728b)
Start importing Assets/Sprites/Dead (10).png using Guid(7d15ffbb5ee3977419bfe99a978cde68) Importer(815301076,1909f56bfc062723c751e8b465ee728b)  -> (artifact id: '2db1ecf040a8178216c1acc645070c80') in 0.021932 seconds 
  Import took 0.025194 seconds .

========================================================================
Received Import Request.
  Time since last request: 0.000211 seconds.
  path: Assets/Sprites/Hurt (9).png
  artifactKey: Guid(4179cfce6cb837c49a71cd4475a6f01d) Importer(815301076,1909f56bfc062723c751e8b465ee728b)
Start importing Assets/Sprites/Hurt (9).png using Guid(4179cfce6cb837c49a71cd4475a6f01d) Importer(815301076,1909f56bfc062723c751e8b465ee728b)  -> (artifact id: '68a8708ab1038cf1f140e9c3bccabb34') in 0.016482 seconds 
  Import took 0.019384 seconds .

========================================================================
Received Import Request.
  Time since last request: 0.000250 seconds.
  path: Assets/Sprites/Dead (6).png
  artifactKey: Guid(c50b6e3fe8ef00749b8bffdce8906ff3) Importer(815301076,1909f56bfc062723c751e8b465ee728b)
Start importing Assets/Sprites/Dead (6).png using Guid(c50b6e3fe8ef00749b8bffdce8906ff3) Importer(815301076,1909f56bfc062723c751e8b465ee728b)  -> (artifact id: 'd7944a3117d8355d69414b744b4eb152') in 0.020376 seconds 
  Import took 0.024201 seconds .

========================================================================
Received Import Request.
  Time since last request: 0.000211 seconds.
  path: Assets/Sprites/Idle (10).png
  artifactKey: Guid(c554458e149b5ac45ad258540b0a1158) Importer(815301076,1909f56bfc062723c751e8b465ee728b)
Start importing Assets/Sprites/Idle (10).png using Guid(c554458e149b5ac45ad258540b0a1158) Importer(815301076,1909f56bfc062723c751e8b465ee728b)  -> (artifact id: '617a42d9eb46f53c104a703769b0461c') in 0.017421 seconds 
  Import took 0.020327 seconds .

========================================================================
Received Import Request.
  Time since last request: 0.000208 seconds.
  path: Assets/Sprites/Dead (8).png
  artifactKey: Guid(0e00f8593a18e5b4e805b9303e492682) Importer(815301076,1909f56bfc062723c751e8b465ee728b)
Start importing Assets/Sprites/Dead (8).png using Guid(0e00f8593a18e5b4e805b9303e492682) Importer(815301076,1909f56bfc062723c751e8b465ee728b)  -> (artifact id: 'baf284467b2c82024d4b73d45a622073') in 0.017758 seconds 
  Import took 0.021627 seconds .

========================================================================
Received Import Request.
  Time since last request: 0.000198 seconds.
  path: Assets/Sprites/Hurt (1).png
  artifactKey: Guid(ea9353bde1276ab40874e356c7ac70b9) Importer(815301076,1909f56bfc062723c751e8b465ee728b)
Start importing Assets/Sprites/Hurt (1).png using Guid(ea9353bde1276ab40874e356c7ac70b9) Importer(815301076,1909f56bfc062723c751e8b465ee728b)  -> (artifact id: '41aa40cae4296fc08cdbfa29765a9402') in 0.018321 seconds 
  Import took 0.021433 seconds .

========================================================================
Received Import Request.
  Time since last request: 0.000190 seconds.
  path: Assets/Sprites/Jump (6).png
  artifactKey: Guid(ea9b15e9618717a4f930199181daa6f5) Importer(815301076,1909f56bfc062723c751e8b465ee728b)
Start importing Assets/Sprites/Jump (6).png using Guid(ea9b15e9618717a4f930199181daa6f5) Importer(815301076,1909f56bfc062723c751e8b465ee728b)  -> (artifact id: 'f2667d6bfdbe5dc63ba1ef147647c3b3') in 0.018244 seconds 
  Import took 0.020986 seconds .

========================================================================
Received Import Request.
  Time since last request: 0.000191 seconds.
  path: Assets/Sprites/Jump (4).png
  artifactKey: Guid(c55c48dade925904dbdb6f9e892c0051) Importer(815301076,1909f56bfc062723c751e8b465ee728b)
Start importing Assets/Sprites/Jump (4).png using Guid(c55c48dade925904dbdb6f9e892c0051) Importer(815301076,1909f56bfc062723c751e8b465ee728b)  -> (artifact id: 'ecb7340cedc0c3a14b1d438ff29f34b3') in 0.018255 seconds 
  Import took 0.021078 seconds .

========================================================================
Received Import Request.
  Time since last request: 0.000178 seconds.
  path: Assets/Sprites/Slide (9).png
  artifactKey: Guid(b5d25bb38c49a62479d4d9c0eb2e499d) Importer(815301076,1909f56bfc062723c751e8b465ee728b)
Start importing Assets/Sprites/Slide (9).png using Guid(b5d25bb38c49a62479d4d9c0eb2e499d) Importer(815301076,1909f56bfc062723c751e8b465ee728b)  -> (artifact id: '1add0e92e29ae1eb1aaf37df18f3d87e') in 0.016876 seconds 
  Import took 0.019764 seconds .

========================================================================
Received Import Request.
  Time since last request: 0.000198 seconds.
  path: Assets/Sprites/Slide (3).png
  artifactKey: Guid(8ad8fcfef78b1bc4996baa17c8e93f76) Importer(815301076,1909f56bfc062723c751e8b465ee728b)
Start importing Assets/Sprites/Slide (3).png using Guid(8ad8fcfef78b1bc4996baa17c8e93f76) Importer(815301076,1909f56bfc062723c751e8b465ee728b)  -> (artifact id: '73092307f2445f056835ae5637503a08') in 0.019070 seconds 
  Import took 0.021782 seconds .

========================================================================
Received Import Request.
  Time since last request: 0.000198 seconds.
  path: Assets/Sprites/Walk (7).png
  artifactKey: Guid(ea21ded858a186d4b8782bcc5df27f1f) Importer(815301076,1909f56bfc062723c751e8b465ee728b)
Start importing Assets/Sprites/Walk (7).png using Guid(ea21ded858a186d4b8782bcc5df27f1f) Importer(815301076,1909f56bfc062723c751e8b465ee728b)  -> (artifact id: '92760a7ad9b8059de26dc6f1d435fc3d') in 0.015572 seconds 
  Import took 0.018566 seconds .

========================================================================
Received Import Request.
  Time since last request: 0.000165 seconds.
  path: Assets/Sprites/Slide (2).png
  artifactKey: Guid(7810d95fe8713994092a9e5fb4b65f5b) Importer(815301076,1909f56bfc062723c751e8b465ee728b)
Start importing Assets/Sprites/Slide (2).png using Guid(7810d95fe8713994092a9e5fb4b65f5b) Importer(815301076,1909f56bfc062723c751e8b465ee728b)  -> (artifact id: '36ce3032b0acfb1721fe97f693dd6593') in 0.015252 seconds 
  Import took 0.018263 seconds .

========================================================================
Received Import Request.
  Time since last request: 0.000204 seconds.
  path: Assets/Sprites/Walk (8).png
  artifactKey: Guid(47bf9eb455e8b5e488a0573243b1099e) Importer(815301076,1909f56bfc062723c751e8b465ee728b)
Start importing Assets/Sprites/Walk (8).png using Guid(47bf9eb455e8b5e488a0573243b1099e) Importer(815301076,1909f56bfc062723c751e8b465ee728b)  -> (artifact id: '56329cac829b0d01275317649e2fa9a7') in 0.015361 seconds 
  Import took 0.018557 seconds .

========================================================================
Received Import Request.
  Time since last request: 0.000196 seconds.
  path: Assets/Sprites/Idle (8).png
  artifactKey: Guid(1e6766928891812478f85edb5d7b961a) Importer(815301076,1909f56bfc062723c751e8b465ee728b)
Start importing Assets/Sprites/Idle (8).png using Guid(1e6766928891812478f85edb5d7b961a) Importer(815301076,1909f56bfc062723c751e8b465ee728b)  -> (artifact id: '08ecc21a67cc6f9e89837b99c74f9929') in 0.015608 seconds 
  Import took 0.018468 seconds .

========================================================================
Received Import Request.
  Time since last request: 0.000217 seconds.
  path: Assets/Sprites/Walk (1).png
  artifactKey: Guid(94a663d2da77fb24d9acf8a416e9f9fb) Importer(815301076,1909f56bfc062723c751e8b465ee728b)
Start importing Assets/Sprites/Walk (1).png using Guid(94a663d2da77fb24d9acf8a416e9f9fb) Importer(815301076,1909f56bfc062723c751e8b465ee728b)  -> (artifact id: '23eb58e3efd108c4c47cada00ebe8c1a') in 0.015669 seconds 
  Import took 0.018759 seconds .

========================================================================
Received Import Request.
  Time since last request: 0.000197 seconds.
  path: Assets/Sprites/Idle (9).png
  artifactKey: Guid(1e945e0d659238e4893c67b70d672da7) Importer(815301076,1909f56bfc062723c751e8b465ee728b)
Start importing Assets/Sprites/Idle (9).png using Guid(1e945e0d659238e4893c67b70d672da7) Importer(815301076,1909f56bfc062723c751e8b465ee728b)  -> (artifact id: 'da19fb45f4950f30b6266e34abe0b175') in 0.017484 seconds 
  Import took 0.020395 seconds .

========================================================================
Received Import Request.
  Time since last request: 0.000178 seconds.
  path: Assets/Sprites/Walk (10).png
  artifactKey: Guid(cdeca31ff6f2fd04f97d0588c528211f) Importer(815301076,1909f56bfc062723c751e8b465ee728b)
Start importing Assets/Sprites/Walk (10).png using Guid(cdeca31ff6f2fd04f97d0588c528211f) Importer(815301076,1909f56bfc062723c751e8b465ee728b)  -> (artifact id: '3d8081c5cd378be04a6bca6737ab6e3c') in 0.016514 seconds 
  Import took 0.019263 seconds .

========================================================================
Received Import Request.
  Time since last request: 0.000197 seconds.
  path: Assets/Sprites/Slide (7).png
  artifactKey: Guid(113e65fe9a7539440975a1b89abddd39) Importer(815301076,1909f56bfc062723c751e8b465ee728b)
Start importing Assets/Sprites/Slide (7).png using Guid(113e65fe9a7539440975a1b89abddd39) Importer(815301076,1909f56bfc062723c751e8b465ee728b)  -> (artifact id: 'a2347ec392af08c92244a8edd5432831') in 0.015381 seconds 
  Import took 0.018082 seconds .

========================================================================
Received Import Request.
  Time since last request: 0.000207 seconds.
  path: Assets/Sprites/Dead (1).png
  artifactKey: Guid(4b95f6350b6117549ad0f10b38e9081b) Importer(815301076,1909f56bfc062723c751e8b465ee728b)
Start importing Assets/Sprites/Dead (1).png using Guid(4b95f6350b6117549ad0f10b38e9081b) Importer(815301076,1909f56bfc062723c751e8b465ee728b)  -> (artifact id: 'c1441ccc9a2bc705316f1af6cfcdfa34') in 0.014298 seconds 
  Import took 0.017092 seconds .

========================================================================
Received Import Request.
  Time since last request: 0.000206 seconds.
  path: Assets/Sprites/Hurt (6).png
  artifactKey: Guid(18cf70f49ecf373479f1bf047189ef41) Importer(815301076,1909f56bfc062723c751e8b465ee728b)
Start importing Assets/Sprites/Hurt (6).png using Guid(18cf70f49ecf373479f1bf047189ef41) Importer(815301076,1909f56bfc062723c751e8b465ee728b)  -> (artifact id: 'deca8287cd26351dd0e71fe442d4ce67') in 0.022361 seconds 
  Import took 0.025253 seconds .

========================================================================
Received Prepare
Registering precompiled user dll's ...
Registered in 0.004586 seconds.
Begin MonoManager ReloadAssembly
Native extension for WindowsStandalone target not found
Refreshing native plugins compatible for Editor in 0.48 ms, found 3 plugins.
Preloading 0 native plugins for Editor in 0.00 ms.
Mono: successfully reloaded assembly
- Completed reload, in  1.122 seconds
Domain Reload Profiling:
	ReloadAssembly (1122ms)
		BeginReloadAssembly (130ms)
			ExecutionOrderSort (0ms)
			DisableScriptedObjects (6ms)
			BackupInstance (0ms)
			ReleaseScriptingObjects (0ms)
			CreateAndSetChildDomain (36ms)
		EndReloadAssembly (920ms)
			LoadAssemblies (92ms)
			RebuildTransferFunctionScriptingTraits (0ms)
			SetupTypeCache (282ms)
			ReleaseScriptCaches (1ms)
			RebuildScriptCaches (41ms)
			SetupLoadedEditorAssemblies (384ms)
				LogAssemblyErrors (0ms)
				InitializePlatformSupportModulesInManaged (5ms)
				SetLoadedEditorAssemblies (0ms)
				RefreshPlugins (1ms)
				BeforeProcessingInitializeOnLoad (94ms)
				ProcessInitializeOnLoadAttributes (269ms)
				ProcessInitializeOnLoadMethodAttributes (7ms)
				AfterProcessingInitializeOnLoad (8ms)
				EditorAssembliesLoaded (0ms)
			ExecutionOrderSort2 (0ms)
			AwakeInstancesAfterBackupRestoration (10ms)
Platform modules already initialized, skipping
Refreshing native plugins compatible for Editor in 0.52 ms, found 3 plugins.
Preloading 0 native plugins for Editor in 0.00 ms.
Unloading 2082 Unused Serialized files (Serialized files now loaded: 0)
System memory in use before: 95.5 MB.
System memory in use after: 95.6 MB.

Unloading 16 unused Assets to reduce memory usage. Loaded Objects now: 2540.
Total: 3.092700 ms (FindLiveObjects: 0.199900 ms CreateObjectMapping: 0.048100 ms MarkObjects: 2.826500 ms  DeleteObjects: 0.017100 ms)

AssetImportParameters requested are different than current active one (requested -> active):
  custom:framework-win-MediaFoundation: 216162199b28c13a410421893ffa2e32 -> 
  custom:video-decoder-ogg-theora: a1e56fd34408186e4bbccfd4996cb3dc -> 
  custom:container-muxer-webm: aa71ff27fc2769a1b78a27578f13a17b -> 
  custom:container-demuxer-webm: 4f35f7cbe854078d1ac9338744f61a02 -> 
  custom:container-demuxer-ogg: 62fdf1f143b41e24485cea50d1cbac27 -> 
  custom:video-encoder-webm-vp8: eb34c28f22e8b96e1ab97ce403110664 -> 
  custom:video-decoder-webm-vp8: 9c59270c3fd7afecdb556c50c9e8de78 -> 
  custom:audio-decoder-ogg-vorbis: bf7c407c2cedff20999df2af8eb42d56 -> 
  custom:audio-encoder-webm-vorbis: bf7c407c2cedff20999df2af8eb42d56 -> 
========================================================================
Received Import Request.
  Time since last request: 50.856163 seconds.
  path: Assets/Scripts
  artifactKey: Guid(060b9695efceede42be444194d72c083) Importer(815301076,1909f56bfc062723c751e8b465ee728b)
Start importing Assets/Scripts using Guid(060b9695efceede42be444194d72c083) Importer(815301076,1909f56bfc062723c751e8b465ee728b)  -> (artifact id: 'f399b637f3011c0671522f218b39b019') in 0.010092 seconds 
  Import took 0.013374 seconds .

========================================================================
Received Prepare
Registering precompiled user dll's ...
Registered in 0.004613 seconds.
Begin MonoManager ReloadAssembly
Native extension for WindowsStandalone target not found
Refreshing native plugins compatible for Editor in 0.49 ms, found 3 plugins.
Preloading 0 native plugins for Editor in 0.00 ms.
Mono: successfully reloaded assembly
- Completed reload, in  1.128 seconds
Domain Reload Profiling:
	ReloadAssembly (1129ms)
		BeginReloadAssembly (129ms)
			ExecutionOrderSort (0ms)
			DisableScriptedObjects (7ms)
			BackupInstance (0ms)
			ReleaseScriptingObjects (0ms)
			CreateAndSetChildDomain (34ms)
		EndReloadAssembly (934ms)
			LoadAssemblies (107ms)
			RebuildTransferFunctionScriptingTraits (0ms)
			SetupTypeCache (284ms)
			ReleaseScriptCaches (1ms)
			RebuildScriptCaches (41ms)
			SetupLoadedEditorAssemblies (391ms)
				LogAssemblyErrors (0ms)
				InitializePlatformSupportModulesInManaged (5ms)
				SetLoadedEditorAssemblies (0ms)
				RefreshPlugins (1ms)
				BeforeProcessingInitializeOnLoad (99ms)
				ProcessInitializeOnLoadAttributes (272ms)
				ProcessInitializeOnLoadMethodAttributes (6ms)
				AfterProcessingInitializeOnLoad (8ms)
				EditorAssembliesLoaded (0ms)
			ExecutionOrderSort2 (0ms)
			AwakeInstancesAfterBackupRestoration (11ms)
Platform modules already initialized, skipping
Refreshing native plugins compatible for Editor in 0.47 ms, found 3 plugins.
Preloading 0 native plugins for Editor in 0.00 ms.
Unloading 2082 Unused Serialized files (Serialized files now loaded: 0)
System memory in use before: 95.6 MB.
System memory in use after: 95.7 MB.

Unloading 16 unused Assets to reduce memory usage. Loaded Objects now: 2543.
Total: 2.943400 ms (FindLiveObjects: 0.192000 ms CreateObjectMapping: 0.045500 ms MarkObjects: 2.688600 ms  DeleteObjects: 0.016200 ms)

AssetImportParameters requested are different than current active one (requested -> active):
  custom:framework-win-MediaFoundation: 216162199b28c13a410421893ffa2e32 -> 
  custom:video-decoder-ogg-theora: a1e56fd34408186e4bbccfd4996cb3dc -> 
  custom:container-muxer-webm: aa71ff27fc2769a1b78a27578f13a17b -> 
  custom:container-demuxer-webm: 4f35f7cbe854078d1ac9338744f61a02 -> 
  custom:container-demuxer-ogg: 62fdf1f143b41e24485cea50d1cbac27 -> 
  custom:video-encoder-webm-vp8: eb34c28f22e8b96e1ab97ce403110664 -> 
  custom:video-decoder-webm-vp8: 9c59270c3fd7afecdb556c50c9e8de78 -> 
  custom:audio-decoder-ogg-vorbis: bf7c407c2cedff20999df2af8eb42d56 -> 
  custom:audio-encoder-webm-vorbis: bf7c407c2cedff20999df2af8eb42d56 -> 
========================================================================
Received Import Request.
  Time since last request: 3.815026 seconds.
  path: Assets/Scripts/CatControllerB.cs
  artifactKey: Guid(b7b11591f1d01ca44bc4aa644f4e7ac7) Importer(815301076,1909f56bfc062723c751e8b465ee728b)
Start importing Assets/Scripts/CatControllerB.cs using Guid(b7b11591f1d01ca44bc4aa644f4e7ac7) Importer(815301076,1909f56bfc062723c751e8b465ee728b)  -> (artifact id: '265e8ba27ea6c904cbae7ad966ed919d') in 0.012771 seconds 
  Import took 0.017268 seconds .

========================================================================
Received Prepare
Registering precompiled user dll's ...
Registered in 0.004684 seconds.
Begin MonoManager ReloadAssembly
Native extension for WindowsStandalone target not found
Refreshing native plugins compatible for Editor in 0.47 ms, found 3 plugins.
Preloading 0 native plugins for Editor in 0.00 ms.
Mono: successfully reloaded assembly
- Completed reload, in  1.113 seconds
Domain Reload Profiling:
	ReloadAssembly (1113ms)
		BeginReloadAssembly (109ms)
			ExecutionOrderSort (0ms)
			DisableScriptedObjects (7ms)
			BackupInstance (0ms)
			ReleaseScriptingObjects (0ms)
			CreateAndSetChildDomain (31ms)
		EndReloadAssembly (934ms)
			LoadAssemblies (89ms)
			RebuildTransferFunctionScriptingTraits (0ms)
			SetupTypeCache (282ms)
			ReleaseScriptCaches (1ms)
			RebuildScriptCaches (46ms)
			SetupLoadedEditorAssemblies (411ms)
				LogAssemblyErrors (0ms)
				InitializePlatformSupportModulesInManaged (5ms)
				SetLoadedEditorAssemblies (0ms)
				RefreshPlugins (1ms)
				BeforeProcessingInitializeOnLoad (116ms)
				ProcessInitializeOnLoadAttributes (275ms)
				ProcessInitializeOnLoadMethodAttributes (6ms)
				AfterProcessingInitializeOnLoad (9ms)
				EditorAssembliesLoaded (0ms)
			ExecutionOrderSort2 (0ms)
			AwakeInstancesAfterBackupRestoration (11ms)
Platform modules already initialized, skipping
Refreshing native plugins compatible for Editor in 0.47 ms, found 3 plugins.
Preloading 0 native plugins for Editor in 0.00 ms.
Unloading 2082 Unused Serialized files (Serialized files now loaded: 0)
System memory in use before: 95.6 MB.
System memory in use after: 95.7 MB.

Unloading 16 unused Assets to reduce memory usage. Loaded Objects now: 2546.
Total: 2.943200 ms (FindLiveObjects: 0.217000 ms CreateObjectMapping: 0.044200 ms MarkObjects: 2.664800 ms  DeleteObjects: 0.016300 ms)

AssetImportParameters requested are different than current active one (requested -> active):
  custom:framework-win-MediaFoundation: 216162199b28c13a410421893ffa2e32 -> 
  custom:video-decoder-ogg-theora: a1e56fd34408186e4bbccfd4996cb3dc -> 
  custom:container-muxer-webm: aa71ff27fc2769a1b78a27578f13a17b -> 
  custom:container-demuxer-webm: 4f35f7cbe854078d1ac9338744f61a02 -> 
  custom:container-demuxer-ogg: 62fdf1f143b41e24485cea50d1cbac27 -> 
  custom:video-encoder-webm-vp8: eb34c28f22e8b96e1ab97ce403110664 -> 
  custom:video-decoder-webm-vp8: 9c59270c3fd7afecdb556c50c9e8de78 -> 
  custom:audio-decoder-ogg-vorbis: bf7c407c2cedff20999df2af8eb42d56 -> 
  custom:audio-encoder-webm-vorbis: bf7c407c2cedff20999df2af8eb42d56 -> 
========================================================================
Received Import Request.
  Time since last request: 29.221744 seconds.
  path: Assets/Scripts/CatControllerB.cs
  artifactKey: Guid(b7b11591f1d01ca44bc4aa644f4e7ac7) Importer(815301076,1909f56bfc062723c751e8b465ee728b)
Start importing Assets/Scripts/CatControllerB.cs using Guid(b7b11591f1d01ca44bc4aa644f4e7ac7) Importer(815301076,1909f56bfc062723c751e8b465ee728b)  -> (artifact id: 'a2a4eb62571da2fb47143a9c167b9ff3') in 0.006105 seconds 
  Import took 0.009823 seconds .

========================================================================
Received Prepare
Registering precompiled user dll's ...
Registered in 0.004708 seconds.
Begin MonoManager ReloadAssembly
Native extension for WindowsStandalone target not found
Refreshing native plugins compatible for Editor in 0.47 ms, found 3 plugins.
Preloading 0 native plugins for Editor in 0.00 ms.
Mono: successfully reloaded assembly
- Completed reload, in  1.098 seconds
Domain Reload Profiling:
	ReloadAssembly (1099ms)
		BeginReloadAssembly (121ms)
			ExecutionOrderSort (0ms)
			DisableScriptedObjects (7ms)
			BackupInstance (0ms)
			ReleaseScriptingObjects (0ms)
			CreateAndSetChildDomain (33ms)
		EndReloadAssembly (904ms)
			LoadAssemblies (95ms)
			RebuildTransferFunctionScriptingTraits (0ms)
			SetupTypeCache (264ms)
			ReleaseScriptCaches (1ms)
			RebuildScriptCaches (42ms)
			SetupLoadedEditorAssemblies (388ms)
				LogAssemblyErrors (0ms)
				InitializePlatformSupportModulesInManaged (5ms)
				SetLoadedEditorAssemblies (0ms)
				RefreshPlugins (1ms)
				BeforeProcessingInitializeOnLoad (101ms)
				ProcessInitializeOnLoadAttributes (266ms)
				ProcessInitializeOnLoadMethodAttributes (6ms)
				AfterProcessingInitializeOnLoad (9ms)
				EditorAssembliesLoaded (0ms)
			ExecutionOrderSort2 (0ms)
			AwakeInstancesAfterBackupRestoration (11ms)
Platform modules already initialized, skipping
Refreshing native plugins compatible for Editor in 0.50 ms, found 3 plugins.
Preloading 0 native plugins for Editor in 0.00 ms.
Unloading 2082 Unused Serialized files (Serialized files now loaded: 0)
System memory in use before: 95.6 MB.
System memory in use after: 95.7 MB.

Unloading 16 unused Assets to reduce memory usage. Loaded Objects now: 2549.
Total: 2.949500 ms (FindLiveObjects: 0.199700 ms CreateObjectMapping: 0.044500 ms MarkObjects: 2.686200 ms  DeleteObjects: 0.018400 ms)

AssetImportParameters requested are different than current active one (requested -> active):
  custom:framework-win-MediaFoundation: 216162199b28c13a410421893ffa2e32 -> 
  custom:video-decoder-ogg-theora: a1e56fd34408186e4bbccfd4996cb3dc -> 
  custom:container-muxer-webm: aa71ff27fc2769a1b78a27578f13a17b -> 
  custom:container-demuxer-webm: 4f35f7cbe854078d1ac9338744f61a02 -> 
  custom:container-demuxer-ogg: 62fdf1f143b41e24485cea50d1cbac27 -> 
  custom:video-encoder-webm-vp8: eb34c28f22e8b96e1ab97ce403110664 -> 
  custom:video-decoder-webm-vp8: 9c59270c3fd7afecdb556c50c9e8de78 -> 
  custom:audio-decoder-ogg-vorbis: bf7c407c2cedff20999df2af8eb42d56 -> 
  custom:audio-encoder-webm-vorbis: bf7c407c2cedff20999df2af8eb42d56 -> 
========================================================================
Received Import Request.
  Time since last request: 301.668280 seconds.
  path: Assets/Animation/Idle (1).controller
  artifactKey: Guid(8d70b154f21e16948a02c7b326f088e3) Importer(815301076,1909f56bfc062723c751e8b465ee728b)
Start importing Assets/Animation/Idle (1).controller using Guid(8d70b154f21e16948a02c7b326f088e3) Importer(815301076,1909f56bfc062723c751e8b465ee728b)  -> (artifact id: 'f071c1ff45277879ef1ef50e6f7a5a09') in 0.016390 seconds 
  Import took 0.020412 seconds .

========================================================================
Received Import Request.
  Time since last request: 45.527138 seconds.
  path: Assets/Scripts/CatControllerB.cs
  artifactKey: Guid(b7b11591f1d01ca44bc4aa644f4e7ac7) Importer(815301076,1909f56bfc062723c751e8b465ee728b)
Start importing Assets/Scripts/CatControllerB.cs using Guid(b7b11591f1d01ca44bc4aa644f4e7ac7) Importer(815301076,1909f56bfc062723c751e8b465ee728b)  -> (artifact id: 'd89695caa124953fe3efeb53ea0a96e8') in 0.002377 seconds 
  Import took 0.005614 seconds .

========================================================================
Received Import Request.
  Time since last request: 0.001319 seconds.
  path: Assets/Scripts/CatControllerB.cs
  artifactKey: Guid(b7b11591f1d01ca44bc4aa644f4e7ac7) Importer(815301076,1909f56bfc062723c751e8b465ee728b)
Start importing Assets/Scripts/CatControllerB.cs using Guid(b7b11591f1d01ca44bc4aa644f4e7ac7) Importer(815301076,1909f56bfc062723c751e8b465ee728b)  -> (artifact id: 'd89695caa124953fe3efeb53ea0a96e8') in 0.002429 seconds 
  Import took 0.005055 seconds .

========================================================================
Received Import Request.
  Time since last request: 644.658205 seconds.
  path: Assets/Animation/Idle (1).controller
  artifactKey: Guid(8d70b154f21e16948a02c7b326f088e3) Importer(815301076,1909f56bfc062723c751e8b465ee728b)
Start importing Assets/Animation/Idle (1).controller using Guid(8d70b154f21e16948a02c7b326f088e3) Importer(815301076,1909f56bfc062723c751e8b465ee728b)  -> (artifact id: '704c0f85d232e95a62ea5f21099e8716') in 0.005152 seconds 
  Import took 0.008610 seconds .

========================================================================
Received Import Request.
  Time since last request: 7.792876 seconds.
  path: Assets/Audio/trouble in the garden.ogg
  artifactKey: Guid(3b51d0d598d1210459a168612e5ebcb0) Importer(815301076,1909f56bfc062723c751e8b465ee728b)
Start importing Assets/Audio/trouble in the garden.ogg using Guid(3b51d0d598d1210459a168612e5ebcb0) Importer(815301076,1909f56bfc062723c751e8b465ee728b)  -> (artifact id: '7b6384885ae9a15e9cdab06b69ac8ae5') in 0.054733 seconds 
  Import took 0.058215 seconds .

========================================================================
Received Import Request.
  Time since last request: 0.000222 seconds.
  path: Assets/Audio/Viktor Kraus - Metamorphosis.mp3
  artifactKey: Guid(1fa9094c6e31f5145a2ae326c1e4a407) Importer(815301076,1909f56bfc062723c751e8b465ee728b)
Start importing Assets/Audio/Viktor Kraus - Metamorphosis.mp3 using Guid(1fa9094c6e31f5145a2ae326c1e4a407) Importer(815301076,1909f56bfc062723c751e8b465ee728b)  -> (artifact id: '4353a1b390f5494f91bd34c04ef72e06') in 0.015078 seconds 
  Import took 0.018072 seconds .

========================================================================
Received Import Request.
  Time since last request: 0.000211 seconds.
  path: Assets/Audio/Viktor Kraus - Approaching the Tower.mp3
  artifactKey: Guid(57df17c60dca02c4c81b35569633da22) Importer(815301076,1909f56bfc062723c751e8b465ee728b)
Start importing Assets/Audio/Viktor Kraus - Approaching the Tower.mp3 using Guid(57df17c60dca02c4c81b35569633da22) Importer(815301076,1909f56bfc062723c751e8b465ee728b)  -> (artifact id: '9b8845b46368f03a3a3d66e832bb6e0e') in 0.014332 seconds 
  Import took 0.017328 seconds .

========================================================================
Received Import Request.
  Time since last request: 0.000194 seconds.
  path: Assets/Audio/trouble in the garden.ogg
  artifactKey: Guid(3b51d0d598d1210459a168612e5ebcb0) Importer(815301076,1909f56bfc062723c751e8b465ee728b)
Start importing Assets/Audio/trouble in the garden.ogg using Guid(3b51d0d598d1210459a168612e5ebcb0) Importer(815301076,1909f56bfc062723c751e8b465ee728b)  -> (artifact id: '7b6384885ae9a15e9cdab06b69ac8ae5') in 0.014124 seconds 
  Import took 0.017120 seconds .

========================================================================
Received Prepare
Registering precompiled user dll's ...
Registered in 0.004601 seconds.
Begin MonoManager ReloadAssembly
Native extension for WindowsStandalone target not found
Refreshing native plugins compatible for Editor in 0.49 ms, found 3 plugins.
Preloading 0 native plugins for Editor in 0.00 ms.
Mono: successfully reloaded assembly
- Completed reload, in  1.093 seconds
Domain Reload Profiling:
	ReloadAssembly (1094ms)
		BeginReloadAssembly (118ms)
			ExecutionOrderSort (0ms)
			DisableScriptedObjects (6ms)
			BackupInstance (0ms)
			ReleaseScriptingObjects (0ms)
			CreateAndSetChildDomain (32ms)
		EndReloadAssembly (907ms)
			LoadAssemblies (91ms)
			RebuildTransferFunctionScriptingTraits (0ms)
			SetupTypeCache (278ms)
			ReleaseScriptCaches (1ms)
			RebuildScriptCaches (48ms)
			SetupLoadedEditorAssemblies (377ms)
				LogAssemblyErrors (0ms)
				InitializePlatformSupportModulesInManaged (5ms)
				SetLoadedEditorAssemblies (0ms)
				RefreshPlugins (1ms)
				BeforeProcessingInitializeOnLoad (101ms)
				ProcessInitializeOnLoadAttributes (257ms)
				ProcessInitializeOnLoadMethodAttributes (6ms)
				AfterProcessingInitializeOnLoad (8ms)
				EditorAssembliesLoaded (0ms)
			ExecutionOrderSort2 (0ms)
			AwakeInstancesAfterBackupRestoration (11ms)
Platform modules already initialized, skipping
Refreshing native plugins compatible for Editor in 0.49 ms, found 3 plugins.
Preloading 0 native plugins for Editor in 0.00 ms.
Unloading 2082 Unused Serialized files (Serialized files now loaded: 0)
System memory in use before: 95.7 MB.
System memory in use after: 95.8 MB.

Unloading 16 unused Assets to reduce memory usage. Loaded Objects now: 2559.
Total: 3.129800 ms (FindLiveObjects: 0.196500 ms CreateObjectMapping: 0.047200 ms MarkObjects: 2.867700 ms  DeleteObjects: 0.017500 ms)

AssetImportParameters requested are different than current active one (requested -> active):
  custom:framework-win-MediaFoundation: 216162199b28c13a410421893ffa2e32 -> 
  custom:video-decoder-ogg-theora: a1e56fd34408186e4bbccfd4996cb3dc -> 
  custom:container-muxer-webm: aa71ff27fc2769a1b78a27578f13a17b -> 
  custom:container-demuxer-webm: 4f35f7cbe854078d1ac9338744f61a02 -> 
  custom:container-demuxer-ogg: 62fdf1f143b41e24485cea50d1cbac27 -> 
  custom:video-encoder-webm-vp8: eb34c28f22e8b96e1ab97ce403110664 -> 
  custom:video-decoder-webm-vp8: 9c59270c3fd7afecdb556c50c9e8de78 -> 
  custom:audio-decoder-ogg-vorbis: bf7c407c2cedff20999df2af8eb42d56 -> 
  custom:audio-encoder-webm-vorbis: bf7c407c2cedff20999df2af8eb42d56 -> 
========================================================================
Received Prepare
Registering precompiled user dll's ...
Registered in 0.004990 seconds.
Begin MonoManager ReloadAssembly
Native extension for WindowsStandalone target not found
Refreshing native plugins compatible for Editor in 0.52 ms, found 3 plugins.
Preloading 0 native plugins for Editor in 0.00 ms.
Mono: successfully reloaded assembly
- Completed reload, in  1.103 seconds
Domain Reload Profiling:
	ReloadAssembly (1103ms)
		BeginReloadAssembly (129ms)
			ExecutionOrderSort (0ms)
			DisableScriptedObjects (6ms)
			BackupInstance (0ms)
			ReleaseScriptingObjects (0ms)
			CreateAndSetChildDomain (35ms)
		EndReloadAssembly (902ms)
			LoadAssemblies (91ms)
			RebuildTransferFunctionScriptingTraits (0ms)
			SetupTypeCache (280ms)
			ReleaseScriptCaches (1ms)
			RebuildScriptCaches (42ms)
			SetupLoadedEditorAssemblies (379ms)
				LogAssemblyErrors (0ms)
				InitializePlatformSupportModulesInManaged (7ms)
				SetLoadedEditorAssemblies (1ms)
				RefreshPlugins (1ms)
				BeforeProcessingInitializeOnLoad (98ms)
				ProcessInitializeOnLoadAttributes (258ms)
				ProcessInitializeOnLoadMethodAttributes (6ms)
				AfterProcessingInitializeOnLoad (8ms)
				EditorAssembliesLoaded (0ms)
			ExecutionOrderSort2 (0ms)
			AwakeInstancesAfterBackupRestoration (11ms)
Platform modules already initialized, skipping
Refreshing native plugins compatible for Editor in 0.48 ms, found 3 plugins.
Preloading 0 native plugins for Editor in 0.00 ms.
Unloading 2082 Unused Serialized files (Serialized files now loaded: 0)
System memory in use before: 95.7 MB.
System memory in use after: 95.8 MB.

Unloading 16 unused Assets to reduce memory usage. Loaded Objects now: 2562.
Total: 3.070700 ms (FindLiveObjects: 0.210400 ms CreateObjectMapping: 0.047900 ms MarkObjects: 2.794300 ms  DeleteObjects: 0.017100 ms)

AssetImportParameters requested are different than current active one (requested -> active):
  custom:framework-win-MediaFoundation: 216162199b28c13a410421893ffa2e32 -> 
  custom:video-decoder-ogg-theora: a1e56fd34408186e4bbccfd4996cb3dc -> 
  custom:container-muxer-webm: aa71ff27fc2769a1b78a27578f13a17b -> 
  custom:container-demuxer-webm: 4f35f7cbe854078d1ac9338744f61a02 -> 
  custom:container-demuxer-ogg: 62fdf1f143b41e24485cea50d1cbac27 -> 
  custom:video-encoder-webm-vp8: eb34c28f22e8b96e1ab97ce403110664 -> 
  custom:video-decoder-webm-vp8: 9c59270c3fd7afecdb556c50c9e8de78 -> 
  custom:audio-decoder-ogg-vorbis: bf7c407c2cedff20999df2af8eb42d56 -> 
  custom:audio-encoder-webm-vorbis: bf7c407c2cedff20999df2af8eb42d56 -> 
========================================================================
Received Prepare
Registering precompiled user dll's ...
Registered in 0.004857 seconds.
Begin MonoManager ReloadAssembly
Native extension for WindowsStandalone target not found
Refreshing native plugins compatible for Editor in 0.51 ms, found 3 plugins.
Preloading 0 native plugins for Editor in 0.00 ms.
Mono: successfully reloaded assembly
- Completed reload, in  1.116 seconds
Domain Reload Profiling:
	ReloadAssembly (1117ms)
		BeginReloadAssembly (114ms)
			ExecutionOrderSort (0ms)
			DisableScriptedObjects (6ms)
			BackupInstance (0ms)
			ReleaseScriptingObjects (0ms)
			CreateAndSetChildDomain (35ms)
		EndReloadAssembly (933ms)
			LoadAssemblies (95ms)
			RebuildTransferFunctionScriptingTraits (0ms)
			SetupTypeCache (286ms)
			ReleaseScriptCaches (1ms)
			RebuildScriptCaches (42ms)
			SetupLoadedEditorAssemblies (402ms)
				LogAssemblyErrors (0ms)
				InitializePlatformSupportModulesInManaged (5ms)
				SetLoadedEditorAssemblies (0ms)
				RefreshPlugins (1ms)
				BeforeProcessingInitializeOnLoad (104ms)
				ProcessInitializeOnLoadAttributes (277ms)
				ProcessInitializeOnLoadMethodAttributes (6ms)
				AfterProcessingInitializeOnLoad (9ms)
				EditorAssembliesLoaded (0ms)
			ExecutionOrderSort2 (0ms)
			AwakeInstancesAfterBackupRestoration (11ms)
Platform modules already initialized, skipping
Refreshing native plugins compatible for Editor in 0.47 ms, found 3 plugins.
Preloading 0 native plugins for Editor in 0.00 ms.
Unloading 2082 Unused Serialized files (Serialized files now loaded: 0)
System memory in use before: 95.7 MB.
System memory in use after: 95.8 MB.

Unloading 16 unused Assets to reduce memory usage. Loaded Objects now: 2565.
Total: 3.007600 ms (FindLiveObjects: 0.200300 ms CreateObjectMapping: 0.045600 ms MarkObjects: 2.743000 ms  DeleteObjects: 0.017500 ms)

AssetImportParameters requested are different than current active one (requested -> active):
  custom:framework-win-MediaFoundation: 216162199b28c13a410421893ffa2e32 -> 
  custom:video-decoder-ogg-theora: a1e56fd34408186e4bbccfd4996cb3dc -> 
  custom:container-muxer-webm: aa71ff27fc2769a1b78a27578f13a17b -> 
  custom:container-demuxer-webm: 4f35f7cbe854078d1ac9338744f61a02 -> 
  custom:container-demuxer-ogg: 62fdf1f143b41e24485cea50d1cbac27 -> 
  custom:video-encoder-webm-vp8: eb34c28f22e8b96e1ab97ce403110664 -> 
  custom:video-decoder-webm-vp8: 9c59270c3fd7afecdb556c50c9e8de78 -> 
  custom:audio-decoder-ogg-vorbis: bf7c407c2cedff20999df2af8eb42d56 -> 
  custom:audio-encoder-webm-vorbis: bf7c407c2cedff20999df2af8eb42d56 -> 
========================================================================
Received Prepare
Refreshing native plugins compatible for Editor in 4.48 ms, found 3 plugins.
Preloading 0 native plugins for Editor in 0.00 ms.
Unloading 14 Unused Serialized files (Serialized files now loaded: 0)
System memory in use before: 54.9 MB.
System memory in use after: 55.0 MB.

Unloading 14 unused Assets to reduce memory usage. Loaded Objects now: 2565.
Total: 3.369300 ms (FindLiveObjects: 0.191900 ms CreateObjectMapping: 0.045800 ms MarkObjects: 3.111800 ms  DeleteObjects: 0.018800 ms)

AssetImportParameters requested are different than current active one (requested -> active):
  custom:framework-win-MediaFoundation: 216162199b28c13a410421893ffa2e32 -> 
  custom:video-decoder-ogg-theora: a1e56fd34408186e4bbccfd4996cb3dc -> 
  custom:container-muxer-webm: aa71ff27fc2769a1b78a27578f13a17b -> 
  custom:container-demuxer-webm: 4f35f7cbe854078d1ac9338744f61a02 -> 
  custom:container-demuxer-ogg: 62fdf1f143b41e24485cea50d1cbac27 -> 
  custom:video-encoder-webm-vp8: eb34c28f22e8b96e1ab97ce403110664 -> 
  custom:video-decoder-webm-vp8: 9c59270c3fd7afecdb556c50c9e8de78 -> 
  custom:audio-decoder-ogg-vorbis: bf7c407c2cedff20999df2af8eb42d56 -> 
  custom:audio-encoder-webm-vorbis: bf7c407c2cedff20999df2af8eb42d56 -> 
AssetImportWorkerClient::OnTransportError - code=2 error=End of file
